<?xml version="1.0" encoding="UTF-8"?>
<!-- Generated by org.testng.reporters.JUnitXMLReporter -->
<testsuite hostname="LAPTOP-MFLTIUH2" ignored="0" name="Default test" tests="4" failures="0" timestamp="11 Feb 2019 22:27:29 GMT" time="6.413" errors="0">
  <testcase name="userEmailIdTest" time="0.223" classname="com.rally.automation.LoginPageTest"/>
  <testcase name="userPasswordTest" time="0.105" classname="com.rally.automation.LoginPageTest"/>
  <testcase name="doLoginTest" time="0.461" classname="com.rally.automation.LoginPageTest"/>
  <testcase name="getPageTitleTest" time="0.02" classname="com.rally.automation.LoginPageTest"/>
</testsuite> <!-- Default test -->
